[2022-10-23T11:20:46.166976+00:00] log.ERROR: Error: Call to undefined method Discuz\Http\RouteCollection::withFrequency() in F:\dq\routes\web.php:5
Stack trace:
#0 F:\dq\vendor\discuz\core\src\Web\WebServiceProvider.php(58): require()
#1 F:\dq\vendor\discuz\core\src\Http\RouteCollection.php(80): Discuz\Web\WebServiceProvider->Discuz\Web\{closure}(Object(Discuz\Http\RouteCollection))
#2 F:\dq\vendor\discuz\core\src\Web\WebServiceProvider.php(59): Discuz\Http\RouteCollection->group('', Object(Closure))
#3 F:\dq\vendor\discuz\core\src\Web\WebServiceProvider.php(52): Discuz\Web\WebServiceProvider->populateRoutes(Object(Discuz\Http\RouteCollection))
#4 F:\dq\vendor\illuminate\container\BoundMethod.php(36): Discuz\Web\WebServiceProvider->boot()
#5 F:\dq\vendor\illuminate\container\Util.php(37): Illuminate\Container\BoundMethod::Illuminate\Container\{closure}()
#6 F:\dq\vendor\illuminate\container\BoundMethod.php(93): Illuminate\Container\Util::unwrapIfClosure(Object(Closure))
#7 F:\dq\vendor\illuminate\container\BoundMethod.php(37): Illuminate\Container\BoundMethod::callBoundMethod(Object(Discuz\Foundation\Application), Array, Object(Closure))
#8 F:\dq\vendor\illuminate\container\Container.php(596): Illuminate\Container\BoundMethod::call(Object(Discuz\Foundation\Application), Array, Array, NULL)
#9 F:\dq\vendor\discuz\core\src\Foundation\Application.php(523): Illuminate\Container\Container->call(Array)
#10 F:\dq\vendor\discuz\core\src\Foundation\Application.php(495): Discuz\Foundation\Application->bootProvider(Object(Discuz\Web\WebServiceProvider))
#11 [internal function]: Discuz\Foundation\Application->Discuz\Foundation\{closure}(Object(Discuz\Web\WebServiceProvider), 9)
#12 F:\dq\vendor\discuz\core\src\Foundation\Application.php(496): array_walk(Array, Object(Closure))
#13 F:\dq\vendor\discuz\core\src\Foundation\SiteApp.php(91): Discuz\Foundation\Application->boot()
#14 F:\dq\vendor\discuz\core\src\Http\Server.php(39): Discuz\Foundation\SiteApp->siteBoot()
#15 F:\dq\public\index.php(29): Discuz\Http\Server->listen()
#16 {main}  
[2022-10-23T11:20:48.824423+00:00] log.ERROR: Error: Call to undefined method Discuz\Http\RouteCollection::withFrequency() in F:\dq\routes\web.php:5
Stack trace:
#0 F:\dq\vendor\discuz\core\src\Web\WebServiceProvider.php(58): require()
#1 F:\dq\vendor\discuz\core\src\Http\RouteCollection.php(80): Discuz\Web\WebServiceProvider->Discuz\Web\{closure}(Object(Discuz\Http\RouteCollection))
#2 F:\dq\vendor\discuz\core\src\Web\WebServiceProvider.php(59): Discuz\Http\RouteCollection->group('', Object(Closure))
#3 F:\dq\vendor\discuz\core\src\Web\WebServiceProvider.php(52): Discuz\Web\WebServiceProvider->populateRoutes(Object(Discuz\Http\RouteCollection))
#4 F:\dq\vendor\illuminate\container\BoundMethod.php(36): Discuz\Web\WebServiceProvider->boot()
#5 F:\dq\vendor\illuminate\container\Util.php(37): Illuminate\Container\BoundMethod::Illuminate\Container\{closure}()
#6 F:\dq\vendor\illuminate\container\BoundMethod.php(93): Illuminate\Container\Util::unwrapIfClosure(Object(Closure))
#7 F:\dq\vendor\illuminate\container\BoundMethod.php(37): Illuminate\Container\BoundMethod::callBoundMethod(Object(Discuz\Foundation\Application), Array, Object(Closure))
#8 F:\dq\vendor\illuminate\container\Container.php(596): Illuminate\Container\BoundMethod::call(Object(Discuz\Foundation\Application), Array, Array, NULL)
#9 F:\dq\vendor\discuz\core\src\Foundation\Application.php(523): Illuminate\Container\Container->call(Array)
#10 F:\dq\vendor\discuz\core\src\Foundation\Application.php(495): Discuz\Foundation\Application->bootProvider(Object(Discuz\Web\WebServiceProvider))
#11 [internal function]: Discuz\Foundation\Application->Discuz\Foundation\{closure}(Object(Discuz\Web\WebServiceProvider), 9)
#12 F:\dq\vendor\discuz\core\src\Foundation\Application.php(496): array_walk(Array, Object(Closure))
#13 F:\dq\vendor\discuz\core\src\Foundation\SiteApp.php(91): Discuz\Foundation\Application->boot()
#14 F:\dq\vendor\discuz\core\src\Http\Server.php(39): Discuz\Foundation\SiteApp->siteBoot()
#15 F:\dq\public\index.php(29): Discuz\Http\Server->listen()
#16 {main}  
[2022-10-23T11:20:49.632482+00:00] log.ERROR: Error: Call to undefined method Discuz\Http\RouteCollection::withFrequency() in F:\dq\routes\web.php:5
Stack trace:
#0 F:\dq\vendor\discuz\core\src\Web\WebServiceProvider.php(58): require()
#1 F:\dq\vendor\discuz\core\src\Http\RouteCollection.php(80): Discuz\Web\WebServiceProvider->Discuz\Web\{closure}(Object(Discuz\Http\RouteCollection))
#2 F:\dq\vendor\discuz\core\src\Web\WebServiceProvider.php(59): Discuz\Http\RouteCollection->group('', Object(Closure))
#3 F:\dq\vendor\discuz\core\src\Web\WebServiceProvider.php(52): Discuz\Web\WebServiceProvider->populateRoutes(Object(Discuz\Http\RouteCollection))
#4 F:\dq\vendor\illuminate\container\BoundMethod.php(36): Discuz\Web\WebServiceProvider->boot()
#5 F:\dq\vendor\illuminate\container\Util.php(37): Illuminate\Container\BoundMethod::Illuminate\Container\{closure}()
#6 F:\dq\vendor\illuminate\container\BoundMethod.php(93): Illuminate\Container\Util::unwrapIfClosure(Object(Closure))
#7 F:\dq\vendor\illuminate\container\BoundMethod.php(37): Illuminate\Container\BoundMethod::callBoundMethod(Object(Discuz\Foundation\Application), Array, Object(Closure))
#8 F:\dq\vendor\illuminate\container\Container.php(596): Illuminate\Container\BoundMethod::call(Object(Discuz\Foundation\Application), Array, Array, NULL)
#9 F:\dq\vendor\discuz\core\src\Foundation\Application.php(523): Illuminate\Container\Container->call(Array)
#10 F:\dq\vendor\discuz\core\src\Foundation\Application.php(495): Discuz\Foundation\Application->bootProvider(Object(Discuz\Web\WebServiceProvider))
#11 [internal function]: Discuz\Foundation\Application->Discuz\Foundation\{closure}(Object(Discuz\Web\WebServiceProvider), 9)
#12 F:\dq\vendor\discuz\core\src\Foundation\Application.php(496): array_walk(Array, Object(Closure))
#13 F:\dq\vendor\discuz\core\src\Foundation\SiteApp.php(91): Discuz\Foundation\Application->boot()
#14 F:\dq\vendor\discuz\core\src\Http\Server.php(39): Discuz\Foundation\SiteApp->siteBoot()
#15 F:\dq\public\index.php(29): Discuz\Http\Server->listen()
#16 {main}  
[2022-10-23T11:23:39.563550+00:00] log.ERROR: Error: Call to undefined method Discuz\Http\RouteCollection::withFrequency() in F:\dq\routes\web.php:5
Stack trace:
#0 F:\dq\vendor\discuz\core\src\Web\WebServiceProvider.php(58): require()
#1 F:\dq\vendor\discuz\core\src\Http\RouteCollection.php(80): Discuz\Web\WebServiceProvider->Discuz\Web\{closure}(Object(Discuz\Http\RouteCollection))
#2 F:\dq\vendor\discuz\core\src\Web\WebServiceProvider.php(59): Discuz\Http\RouteCollection->group('', Object(Closure))
#3 F:\dq\vendor\discuz\core\src\Web\WebServiceProvider.php(52): Discuz\Web\WebServiceProvider->populateRoutes(Object(Discuz\Http\RouteCollection))
#4 F:\dq\vendor\illuminate\container\BoundMethod.php(36): Discuz\Web\WebServiceProvider->boot()
#5 F:\dq\vendor\illuminate\container\Util.php(37): Illuminate\Container\BoundMethod::Illuminate\Container\{closure}()
#6 F:\dq\vendor\illuminate\container\BoundMethod.php(93): Illuminate\Container\Util::unwrapIfClosure(Object(Closure))
#7 F:\dq\vendor\illuminate\container\BoundMethod.php(37): Illuminate\Container\BoundMethod::callBoundMethod(Object(Discuz\Foundation\Application), Array, Object(Closure))
#8 F:\dq\vendor\illuminate\container\Container.php(596): Illuminate\Container\BoundMethod::call(Object(Discuz\Foundation\Application), Array, Array, NULL)
#9 F:\dq\vendor\discuz\core\src\Foundation\Application.php(523): Illuminate\Container\Container->call(Array)
#10 F:\dq\vendor\discuz\core\src\Foundation\Application.php(495): Discuz\Foundation\Application->bootProvider(Object(Discuz\Web\WebServiceProvider))
#11 [internal function]: Discuz\Foundation\Application->Discuz\Foundation\{closure}(Object(Discuz\Web\WebServiceProvider), 9)
#12 F:\dq\vendor\discuz\core\src\Foundation\Application.php(496): array_walk(Array, Object(Closure))
#13 F:\dq\vendor\discuz\core\src\Foundation\SiteApp.php(91): Discuz\Foundation\Application->boot()
#14 F:\dq\vendor\discuz\core\src\Http\Server.php(39): Discuz\Foundation\SiteApp->siteBoot()
#15 F:\dq\public\index.php(29): Discuz\Http\Server->listen()
#16 {main}  
[2022-10-23T11:23:40.346802+00:00] log.ERROR: Error: Call to undefined method Discuz\Http\RouteCollection::withFrequency() in F:\dq\routes\web.php:5
Stack trace:
#0 F:\dq\vendor\discuz\core\src\Web\WebServiceProvider.php(58): require()
#1 F:\dq\vendor\discuz\core\src\Http\RouteCollection.php(80): Discuz\Web\WebServiceProvider->Discuz\Web\{closure}(Object(Discuz\Http\RouteCollection))
#2 F:\dq\vendor\discuz\core\src\Web\WebServiceProvider.php(59): Discuz\Http\RouteCollection->group('', Object(Closure))
#3 F:\dq\vendor\discuz\core\src\Web\WebServiceProvider.php(52): Discuz\Web\WebServiceProvider->populateRoutes(Object(Discuz\Http\RouteCollection))
#4 F:\dq\vendor\illuminate\container\BoundMethod.php(36): Discuz\Web\WebServiceProvider->boot()
#5 F:\dq\vendor\illuminate\container\Util.php(37): Illuminate\Container\BoundMethod::Illuminate\Container\{closure}()
#6 F:\dq\vendor\illuminate\container\BoundMethod.php(93): Illuminate\Container\Util::unwrapIfClosure(Object(Closure))
#7 F:\dq\vendor\illuminate\container\BoundMethod.php(37): Illuminate\Container\BoundMethod::callBoundMethod(Object(Discuz\Foundation\Application), Array, Object(Closure))
#8 F:\dq\vendor\illuminate\container\Container.php(596): Illuminate\Container\BoundMethod::call(Object(Discuz\Foundation\Application), Array, Array, NULL)
#9 F:\dq\vendor\discuz\core\src\Foundation\Application.php(523): Illuminate\Container\Container->call(Array)
#10 F:\dq\vendor\discuz\core\src\Foundation\Application.php(495): Discuz\Foundation\Application->bootProvider(Object(Discuz\Web\WebServiceProvider))
#11 [internal function]: Discuz\Foundation\Application->Discuz\Foundation\{closure}(Object(Discuz\Web\WebServiceProvider), 9)
#12 F:\dq\vendor\discuz\core\src\Foundation\Application.php(496): array_walk(Array, Object(Closure))
#13 F:\dq\vendor\discuz\core\src\Foundation\SiteApp.php(91): Discuz\Foundation\Application->boot()
#14 F:\dq\vendor\discuz\core\src\Http\Server.php(39): Discuz\Foundation\SiteApp->siteBoot()
#15 F:\dq\public\index.php(29): Discuz\Http\Server->listen()
#16 {main}  
[2022-10-23T11:25:33.725324+00:00] log.ERROR: Error: Call to undefined method Discuz\Http\RouteCollection::withFrequency() in F:\dq\routes\web.php:5
Stack trace:
#0 F:\dq\vendor\discuz\core\src\Web\WebServiceProvider.php(58): require()
#1 F:\dq\vendor\discuz\core\src\Http\RouteCollection.php(80): Discuz\Web\WebServiceProvider->Discuz\Web\{closure}(Object(Discuz\Http\RouteCollection))
#2 F:\dq\vendor\discuz\core\src\Web\WebServiceProvider.php(59): Discuz\Http\RouteCollection->group('', Object(Closure))
#3 F:\dq\vendor\discuz\core\src\Web\WebServiceProvider.php(52): Discuz\Web\WebServiceProvider->populateRoutes(Object(Discuz\Http\RouteCollection))
#4 F:\dq\vendor\illuminate\container\BoundMethod.php(36): Discuz\Web\WebServiceProvider->boot()
#5 F:\dq\vendor\illuminate\container\Util.php(37): Illuminate\Container\BoundMethod::Illuminate\Container\{closure}()
#6 F:\dq\vendor\illuminate\container\BoundMethod.php(93): Illuminate\Container\Util::unwrapIfClosure(Object(Closure))
#7 F:\dq\vendor\illuminate\container\BoundMethod.php(37): Illuminate\Container\BoundMethod::callBoundMethod(Object(Discuz\Foundation\Application), Array, Object(Closure))
#8 F:\dq\vendor\illuminate\container\Container.php(596): Illuminate\Container\BoundMethod::call(Object(Discuz\Foundation\Application), Array, Array, NULL)
#9 F:\dq\vendor\discuz\core\src\Foundation\Application.php(523): Illuminate\Container\Container->call(Array)
#10 F:\dq\vendor\discuz\core\src\Foundation\Application.php(495): Discuz\Foundation\Application->bootProvider(Object(Discuz\Web\WebServiceProvider))
#11 [internal function]: Discuz\Foundation\Application->Discuz\Foundation\{closure}(Object(Discuz\Web\WebServiceProvider), 9)
#12 F:\dq\vendor\discuz\core\src\Foundation\Application.php(496): array_walk(Array, Object(Closure))
#13 F:\dq\vendor\discuz\core\src\Foundation\SiteApp.php(91): Discuz\Foundation\Application->boot()
#14 F:\dq\vendor\discuz\core\src\Http\Server.php(39): Discuz\Foundation\SiteApp->siteBoot()
#15 F:\dq\public\index.php(29): Discuz\Http\Server->listen()
#16 {main}  
[2022-10-23T11:25:34.411835+00:00] log.ERROR: Error: Call to undefined method Discuz\Http\RouteCollection::withFrequency() in F:\dq\routes\web.php:5
Stack trace:
#0 F:\dq\vendor\discuz\core\src\Web\WebServiceProvider.php(58): require()
#1 F:\dq\vendor\discuz\core\src\Http\RouteCollection.php(80): Discuz\Web\WebServiceProvider->Discuz\Web\{closure}(Object(Discuz\Http\RouteCollection))
#2 F:\dq\vendor\discuz\core\src\Web\WebServiceProvider.php(59): Discuz\Http\RouteCollection->group('', Object(Closure))
#3 F:\dq\vendor\discuz\core\src\Web\WebServiceProvider.php(52): Discuz\Web\WebServiceProvider->populateRoutes(Object(Discuz\Http\RouteCollection))
#4 F:\dq\vendor\illuminate\container\BoundMethod.php(36): Discuz\Web\WebServiceProvider->boot()
#5 F:\dq\vendor\illuminate\container\Util.php(37): Illuminate\Container\BoundMethod::Illuminate\Container\{closure}()
#6 F:\dq\vendor\illuminate\container\BoundMethod.php(93): Illuminate\Container\Util::unwrapIfClosure(Object(Closure))
#7 F:\dq\vendor\illuminate\container\BoundMethod.php(37): Illuminate\Container\BoundMethod::callBoundMethod(Object(Discuz\Foundation\Application), Array, Object(Closure))
#8 F:\dq\vendor\illuminate\container\Container.php(596): Illuminate\Container\BoundMethod::call(Object(Discuz\Foundation\Application), Array, Array, NULL)
#9 F:\dq\vendor\discuz\core\src\Foundation\Application.php(523): Illuminate\Container\Container->call(Array)
#10 F:\dq\vendor\discuz\core\src\Foundation\Application.php(495): Discuz\Foundation\Application->bootProvider(Object(Discuz\Web\WebServiceProvider))
#11 [internal function]: Discuz\Foundation\Application->Discuz\Foundation\{closure}(Object(Discuz\Web\WebServiceProvider), 9)
#12 F:\dq\vendor\discuz\core\src\Foundation\Application.php(496): array_walk(Array, Object(Closure))
#13 F:\dq\vendor\discuz\core\src\Foundation\SiteApp.php(91): Discuz\Foundation\Application->boot()
#14 F:\dq\vendor\discuz\core\src\Http\Server.php(39): Discuz\Foundation\SiteApp->siteBoot()
#15 F:\dq\public\index.php(29): Discuz\Http\Server->listen()
#16 {main}  
[2022-10-23T11:25:34.622707+00:00] log.ERROR: Error: Call to undefined method Discuz\Http\RouteCollection::withFrequency() in F:\dq\routes\web.php:5
Stack trace:
#0 F:\dq\vendor\discuz\core\src\Web\WebServiceProvider.php(58): require()
#1 F:\dq\vendor\discuz\core\src\Http\RouteCollection.php(80): Discuz\Web\WebServiceProvider->Discuz\Web\{closure}(Object(Discuz\Http\RouteCollection))
#2 F:\dq\vendor\discuz\core\src\Web\WebServiceProvider.php(59): Discuz\Http\RouteCollection->group('', Object(Closure))
#3 F:\dq\vendor\discuz\core\src\Web\WebServiceProvider.php(52): Discuz\Web\WebServiceProvider->populateRoutes(Object(Discuz\Http\RouteCollection))
#4 F:\dq\vendor\illuminate\container\BoundMethod.php(36): Discuz\Web\WebServiceProvider->boot()
#5 F:\dq\vendor\illuminate\container\Util.php(37): Illuminate\Container\BoundMethod::Illuminate\Container\{closure}()
#6 F:\dq\vendor\illuminate\container\BoundMethod.php(93): Illuminate\Container\Util::unwrapIfClosure(Object(Closure))
#7 F:\dq\vendor\illuminate\container\BoundMethod.php(37): Illuminate\Container\BoundMethod::callBoundMethod(Object(Discuz\Foundation\Application), Array, Object(Closure))
#8 F:\dq\vendor\illuminate\container\Container.php(596): Illuminate\Container\BoundMethod::call(Object(Discuz\Foundation\Application), Array, Array, NULL)
#9 F:\dq\vendor\discuz\core\src\Foundation\Application.php(523): Illuminate\Container\Container->call(Array)
#10 F:\dq\vendor\discuz\core\src\Foundation\Application.php(495): Discuz\Foundation\Application->bootProvider(Object(Discuz\Web\WebServiceProvider))
#11 [internal function]: Discuz\Foundation\Application->Discuz\Foundation\{closure}(Object(Discuz\Web\WebServiceProvider), 9)
#12 F:\dq\vendor\discuz\core\src\Foundation\Application.php(496): array_walk(Array, Object(Closure))
#13 F:\dq\vendor\discuz\core\src\Foundation\SiteApp.php(91): Discuz\Foundation\Application->boot()
#14 F:\dq\vendor\discuz\core\src\Http\Server.php(39): Discuz\Foundation\SiteApp->siteBoot()
#15 F:\dq\public\index.php(29): Discuz\Http\Server->listen()
#16 {main}  
[2022-10-23T11:25:34.842664+00:00] log.ERROR: Error: Call to undefined method Discuz\Http\RouteCollection::withFrequency() in F:\dq\routes\web.php:5
Stack trace:
#0 F:\dq\vendor\discuz\core\src\Web\WebServiceProvider.php(58): require()
#1 F:\dq\vendor\discuz\core\src\Http\RouteCollection.php(80): Discuz\Web\WebServiceProvider->Discuz\Web\{closure}(Object(Discuz\Http\RouteCollection))
#2 F:\dq\vendor\discuz\core\src\Web\WebServiceProvider.php(59): Discuz\Http\RouteCollection->group('', Object(Closure))
#3 F:\dq\vendor\discuz\core\src\Web\WebServiceProvider.php(52): Discuz\Web\WebServiceProvider->populateRoutes(Object(Discuz\Http\RouteCollection))
#4 F:\dq\vendor\illuminate\container\BoundMethod.php(36): Discuz\Web\WebServiceProvider->boot()
#5 F:\dq\vendor\illuminate\container\Util.php(37): Illuminate\Container\BoundMethod::Illuminate\Container\{closure}()
#6 F:\dq\vendor\illuminate\container\BoundMethod.php(93): Illuminate\Container\Util::unwrapIfClosure(Object(Closure))
#7 F:\dq\vendor\illuminate\container\BoundMethod.php(37): Illuminate\Container\BoundMethod::callBoundMethod(Object(Discuz\Foundation\Application), Array, Object(Closure))
#8 F:\dq\vendor\illuminate\container\Container.php(596): Illuminate\Container\BoundMethod::call(Object(Discuz\Foundation\Application), Array, Array, NULL)
#9 F:\dq\vendor\discuz\core\src\Foundation\Application.php(523): Illuminate\Container\Container->call(Array)
#10 F:\dq\vendor\discuz\core\src\Foundation\Application.php(495): Discuz\Foundation\Application->bootProvider(Object(Discuz\Web\WebServiceProvider))
#11 [internal function]: Discuz\Foundation\Application->Discuz\Foundation\{closure}(Object(Discuz\Web\WebServiceProvider), 9)
#12 F:\dq\vendor\discuz\core\src\Foundation\Application.php(496): array_walk(Array, Object(Closure))
#13 F:\dq\vendor\discuz\core\src\Foundation\SiteApp.php(91): Discuz\Foundation\Application->boot()
#14 F:\dq\vendor\discuz\core\src\Http\Server.php(39): Discuz\Foundation\SiteApp->siteBoot()
#15 F:\dq\public\index.php(29): Discuz\Http\Server->listen()
#16 {main}  
[2022-10-23T11:25:35.039471+00:00] log.ERROR: Error: Call to undefined method Discuz\Http\RouteCollection::withFrequency() in F:\dq\routes\web.php:5
Stack trace:
#0 F:\dq\vendor\discuz\core\src\Web\WebServiceProvider.php(58): require()
#1 F:\dq\vendor\discuz\core\src\Http\RouteCollection.php(80): Discuz\Web\WebServiceProvider->Discuz\Web\{closure}(Object(Discuz\Http\RouteCollection))
#2 F:\dq\vendor\discuz\core\src\Web\WebServiceProvider.php(59): Discuz\Http\RouteCollection->group('', Object(Closure))
#3 F:\dq\vendor\discuz\core\src\Web\WebServiceProvider.php(52): Discuz\Web\WebServiceProvider->populateRoutes(Object(Discuz\Http\RouteCollection))
#4 F:\dq\vendor\illuminate\container\BoundMethod.php(36): Discuz\Web\WebServiceProvider->boot()
#5 F:\dq\vendor\illuminate\container\Util.php(37): Illuminate\Container\BoundMethod::Illuminate\Container\{closure}()
#6 F:\dq\vendor\illuminate\container\BoundMethod.php(93): Illuminate\Container\Util::unwrapIfClosure(Object(Closure))
#7 F:\dq\vendor\illuminate\container\BoundMethod.php(37): Illuminate\Container\BoundMethod::callBoundMethod(Object(Discuz\Foundation\Application), Array, Object(Closure))
#8 F:\dq\vendor\illuminate\container\Container.php(596): Illuminate\Container\BoundMethod::call(Object(Discuz\Foundation\Application), Array, Array, NULL)
#9 F:\dq\vendor\discuz\core\src\Foundation\Application.php(523): Illuminate\Container\Container->call(Array)
#10 F:\dq\vendor\discuz\core\src\Foundation\Application.php(495): Discuz\Foundation\Application->bootProvider(Object(Discuz\Web\WebServiceProvider))
#11 [internal function]: Discuz\Foundation\Application->Discuz\Foundation\{closure}(Object(Discuz\Web\WebServiceProvider), 9)
#12 F:\dq\vendor\discuz\core\src\Foundation\Application.php(496): array_walk(Array, Object(Closure))
#13 F:\dq\vendor\discuz\core\src\Foundation\SiteApp.php(91): Discuz\Foundation\Application->boot()
#14 F:\dq\vendor\discuz\core\src\Http\Server.php(39): Discuz\Foundation\SiteApp->siteBoot()
#15 F:\dq\public\index.php(29): Discuz\Http\Server->listen()
#16 {main}  
[2022-10-23T11:25:35.473609+00:00] log.ERROR: Error: Call to undefined method Discuz\Http\RouteCollection::withFrequency() in F:\dq\routes\web.php:5
Stack trace:
#0 F:\dq\vendor\discuz\core\src\Web\WebServiceProvider.php(58): require()
#1 F:\dq\vendor\discuz\core\src\Http\RouteCollection.php(80): Discuz\Web\WebServiceProvider->Discuz\Web\{closure}(Object(Discuz\Http\RouteCollection))
#2 F:\dq\vendor\discuz\core\src\Web\WebServiceProvider.php(59): Discuz\Http\RouteCollection->group('', Object(Closure))
#3 F:\dq\vendor\discuz\core\src\Web\WebServiceProvider.php(52): Discuz\Web\WebServiceProvider->populateRoutes(Object(Discuz\Http\RouteCollection))
#4 F:\dq\vendor\illuminate\container\BoundMethod.php(36): Discuz\Web\WebServiceProvider->boot()
#5 F:\dq\vendor\illuminate\container\Util.php(37): Illuminate\Container\BoundMethod::Illuminate\Container\{closure}()
#6 F:\dq\vendor\illuminate\container\BoundMethod.php(93): Illuminate\Container\Util::unwrapIfClosure(Object(Closure))
#7 F:\dq\vendor\illuminate\container\BoundMethod.php(37): Illuminate\Container\BoundMethod::callBoundMethod(Object(Discuz\Foundation\Application), Array, Object(Closure))
#8 F:\dq\vendor\illuminate\container\Container.php(596): Illuminate\Container\BoundMethod::call(Object(Discuz\Foundation\Application), Array, Array, NULL)
#9 F:\dq\vendor\discuz\core\src\Foundation\Application.php(523): Illuminate\Container\Container->call(Array)
#10 F:\dq\vendor\discuz\core\src\Foundation\Application.php(495): Discuz\Foundation\Application->bootProvider(Object(Discuz\Web\WebServiceProvider))
#11 [internal function]: Discuz\Foundation\Application->Discuz\Foundation\{closure}(Object(Discuz\Web\WebServiceProvider), 9)
#12 F:\dq\vendor\discuz\core\src\Foundation\Application.php(496): array_walk(Array, Object(Closure))
#13 F:\dq\vendor\discuz\core\src\Foundation\SiteApp.php(91): Discuz\Foundation\Application->boot()
#14 F:\dq\vendor\discuz\core\src\Http\Server.php(39): Discuz\Foundation\SiteApp->siteBoot()
#15 F:\dq\public\index.php(29): Discuz\Http\Server->listen()
#16 {main}  
[2022-10-23T11:27:57.332950+00:00] log.ERROR: Symfony\Component\HttpFoundation\File\Exception\FileNotFoundException: The file "F:\dq\public\index.html" does not exist in F:\dq\vendor\symfony\http-foundation\File\File.php:36
Stack trace:
#0 F:\dq\vendor\discuz\core\src\Http\DiscuzResponseFactory.php(54): Symfony\Component\HttpFoundation\File\File->__construct('F:\\dq\\public\\in...')
#1 F:\dq\app\Http\Controller\IndexController.php(46): Discuz\Http\DiscuzResponseFactory::FileResponse('F:\\dq\\public\\in...')
#2 F:\dq\vendor\discuz\core\src\Http\RouteHandlerFactory.php(44): App\Http\Controller\IndexController->handle(Object(Laminas\Diactoros\ServerRequest))
#3 F:\dq\vendor\discuz\core\src\Http\Middleware\DispatchRoute.php(80): Discuz\Http\RouteHandlerFactory->Discuz\Http\{closure}(Object(Laminas\Diactoros\ServerRequest), Array)
#4 F:\dq\vendor\laminas\laminas-stratigility\src\Next.php(51): Discuz\Http\Middleware\DispatchRoute->process(Object(Laminas\Diactoros\ServerRequest), 'App\\Http\\Contro...')
#5 F:\dq\vendor\discuz\core\src\Http\Middleware\HandleErrorsWithView.php(53): Laminas\Stratigility\Next->handle(Object(Laminas\Diactoros\ServerRequest))
#6 F:\dq\vendor\laminas\laminas-stratigility\src\Next.php(51): Discuz\Http\Middleware\HandleErrorsWithView->process(Object(Laminas\Diactoros\ServerRequest), Object(Laminas\Stratigility\Next))
#7 F:\dq\vendor\laminas\laminas-stratigility\src\MiddlewarePipe.php(76): Laminas\Stratigility\Next->handle(Object(Laminas\Diactoros\ServerRequest))
#8 F:\dq\vendor\discuz\core\src\Http\Middleware\RequestHandler.php(63): Laminas\Stratigility\MiddlewarePipe->process(Object(Laminas\Diactoros\ServerRequest), Object(Laminas\Stratigility\Next))
#9 F:\dq\vendor\laminas\laminas-stratigility\src\Next.php(51): Discuz\Http\Middleware\RequestHandler->process(Object(Laminas\Diactoros\ServerRequest), Object(Laminas\Stratigility\Next))
#10 F:\dq\vendor\laminas\laminas-stratigility\src\MiddlewarePipe.php(76): Laminas\Stratigility\Next->handle(Object(Laminas\Diactoros\ServerRequest))
#11 F:\dq\vendor\laminas\laminas-stratigility\src\MiddlewarePipe.php(65): Laminas\Stratigility\MiddlewarePipe->process(Object(Laminas\Diactoros\ServerRequest), Object(Laminas\Stratigility\EmptyPipelineHandler))
#12 F:\dq\vendor\laminas\laminas-httphandlerrunner\src\RequestHandlerRunner.php(96): Laminas\Stratigility\MiddlewarePipe->handle(Object(Laminas\Diactoros\ServerRequest))
#13 F:\dq\vendor\discuz\core\src\Http\Server.php(74): Laminas\HttpHandlerRunner\RequestHandlerRunner->run()
#14 F:\dq\public\index.php(29): Discuz\Http\Server->listen()
#15 {main}  
[2022-10-23T11:28:10.834133+00:00] log.INFO: result error:-10001 api:/apiv3.php msg:当前站点未安装  
[2022-10-23T11:28:57.742119+00:00] log.ERROR: Symfony\Component\HttpFoundation\File\Exception\FileNotFoundException: The file "F:\dq\public\index.html" does not exist in F:\dq\vendor\symfony\http-foundation\File\File.php:36
Stack trace:
#0 F:\dq\vendor\discuz\core\src\Http\DiscuzResponseFactory.php(54): Symfony\Component\HttpFoundation\File\File->__construct('F:\\dq\\public\\in...')
#1 F:\dq\app\Http\Controller\IndexController.php(46): Discuz\Http\DiscuzResponseFactory::FileResponse('F:\\dq\\public\\in...')
#2 F:\dq\vendor\discuz\core\src\Http\RouteHandlerFactory.php(44): App\Http\Controller\IndexController->handle(Object(Laminas\Diactoros\ServerRequest))
#3 F:\dq\vendor\discuz\core\src\Http\Middleware\DispatchRoute.php(80): Discuz\Http\RouteHandlerFactory->Discuz\Http\{closure}(Object(Laminas\Diactoros\ServerRequest), Array)
#4 F:\dq\vendor\laminas\laminas-stratigility\src\Next.php(51): Discuz\Http\Middleware\DispatchRoute->process(Object(Laminas\Diactoros\ServerRequest), 'App\\Http\\Contro...')
#5 F:\dq\vendor\discuz\core\src\Http\Middleware\HandleErrorsWithView.php(53): Laminas\Stratigility\Next->handle(Object(Laminas\Diactoros\ServerRequest))
#6 F:\dq\vendor\laminas\laminas-stratigility\src\Next.php(51): Discuz\Http\Middleware\HandleErrorsWithView->process(Object(Laminas\Diactoros\ServerRequest), Object(Laminas\Stratigility\Next))
#7 F:\dq\vendor\laminas\laminas-stratigility\src\MiddlewarePipe.php(76): Laminas\Stratigility\Next->handle(Object(Laminas\Diactoros\ServerRequest))
#8 F:\dq\vendor\discuz\core\src\Http\Middleware\RequestHandler.php(63): Laminas\Stratigility\MiddlewarePipe->process(Object(Laminas\Diactoros\ServerRequest), Object(Laminas\Stratigility\Next))
#9 F:\dq\vendor\laminas\laminas-stratigility\src\Next.php(51): Discuz\Http\Middleware\RequestHandler->process(Object(Laminas\Diactoros\ServerRequest), Object(Laminas\Stratigility\Next))
#10 F:\dq\vendor\laminas\laminas-stratigility\src\MiddlewarePipe.php(76): Laminas\Stratigility\Next->handle(Object(Laminas\Diactoros\ServerRequest))
#11 F:\dq\vendor\laminas\laminas-stratigility\src\MiddlewarePipe.php(65): Laminas\Stratigility\MiddlewarePipe->process(Object(Laminas\Diactoros\ServerRequest), Object(Laminas\Stratigility\EmptyPipelineHandler))
#12 F:\dq\vendor\laminas\laminas-httphandlerrunner\src\RequestHandlerRunner.php(96): Laminas\Stratigility\MiddlewarePipe->handle(Object(Laminas\Diactoros\ServerRequest))
#13 F:\dq\vendor\discuz\core\src\Http\Server.php(74): Laminas\HttpHandlerRunner\RequestHandlerRunner->run()
#14 F:\dq\public\index.php(29): Discuz\Http\Server->listen()
#15 {main}  
[2022-10-23T19:30:31.778334+08:00] log.INFO: database-error:SQLSTATE[HY000] [2002] php_network_getaddresses: getaddrinfo failed: No such host is known.  (SQL: select * from `DummyDbPrefixsettings`) api:/api.php&key=11cxil36C61215c66C4hnwrhbbwi0mBiBxkof7  
[2022-10-23T19:30:31.778648+08:00] log.INFO: result error:-5002 api:/api.php&key=11cxil36C61215c66C4hnwrhbbwi0mBiBxkof7 msg:SQLSTATE[HY000] [2002] php_network_getaddresses: getaddrinfo failed: No such host is known.  (SQL: select * from `DummyDbPrefixsettings`)  
[2022-10-23T19:30:36.056952+08:00] log.INFO: database-error:SQLSTATE[HY000] [2002] php_network_getaddresses: getaddrinfo failed: No such host is known.  (SQL: select * from `DummyDbPrefixsettings`) api:/api.php  
[2022-10-23T19:30:36.057277+08:00] log.INFO: result error:-5002 api:/api.php msg:SQLSTATE[HY000] [2002] php_network_getaddresses: getaddrinfo failed: No such host is known.  (SQL: select * from `DummyDbPrefixsettings`)  
[2022-10-23T19:31:46.648307+08:00] log.INFO: result error:-5002 api:/api.php msg:The file "F:\dq\public\index.html" does not exist  
[2022-10-23T19:41:44.245448+08:00] log.INFO: database-error:SQLSTATE[42S22]: Column not found: 1054 Unknown column 'parentid' in 'field list' (SQL: select `id` as `pid`, `id` as `categoryId`, `name`, `description`, `icon`, `sort`, `property`, `thread_count` as `threadCount`, `parentid` from `ppre_categories` order by `parentid` asc, `sort` asc) api:/api/v3/forum  
[2022-10-23T19:41:44.245767+08:00] log.INFO: result error:-5002 api:/api/v3/forum msg:SQLSTATE[42S22]: Column not found: 1054 Unknown column 'parentid' in 'field list' (SQL: select `id` as `pid`, `id` as `categoryId`, `name`, `description`, `icon`, `sort`, `property`, `thread_count` as `threadCount`, `parentid` from `ppre_categories` order by `parentid` asc, `sort` asc)  
[2022-10-23T19:42:33.802731+08:00] log.INFO: result error:-5002 api:/api/v3/forum msg:Key path "file://F:\dq\storage\cert/public.key" does not exist or is not readable  
[2022-10-23T19:42:45.810984+08:00] log.INFO: result error:-5002 api:/api/v3/forum msg:Key path "file://F:\dq\storage\cert/public.key" does not exist or is not readable  
[2022-10-23T19:42:45.811514+08:00] log.INFO: result error:-5002 api:/api/v3/emoji msg:Key path "file://F:\dq\storage\cert/public.key" does not exist or is not readable  
[2022-10-23T19:42:46.093598+08:00] log.INFO: result error:-5002 api:/api/v3/plugin/list msg:Key path "file://F:\dq\storage\cert/public.key" does not exist or is not readable  
[2022-10-23T19:43:01.380142+08:00] log.INFO: result error:-5002 api:/api/v3/forum msg:Key path "file://F:\dq\storage\cert/public.key" does not exist or is not readable  
[2022-10-23T19:43:11.985708+08:00] log.INFO: database-error:SQLSTATE[42S22]: Column not found: 1054 Unknown column 'parentid' in 'field list' (SQL: select `id` as `pid`, `id` as `categoryId`, `name`, `description`, `icon`, `sort`, `property`, `thread_count` as `threadCount`, `parentid` from `ppre_categories` order by `parentid` asc, `sort` asc) api:/api/v3/forum  
[2022-10-23T19:43:11.986283+08:00] log.INFO: result error:-5002 api:/api/v3/forum msg:SQLSTATE[42S22]: Column not found: 1054 Unknown column 'parentid' in 'field list' (SQL: select `id` as `pid`, `id` as `categoryId`, `name`, `description`, `icon`, `sort`, `property`, `thread_count` as `threadCount`, `parentid` from `ppre_categories` order by `parentid` asc, `sort` asc)  
[2022-10-23T19:43:13.361687+08:00] log.INFO: database-error:SQLSTATE[42S22]: Column not found: 1054 Unknown column 'parentid' in 'field list' (SQL: select `id` as `pid`, `id` as `categoryId`, `name`, `description`, `icon`, `sort`, `property`, `thread_count` as `threadCount`, `parentid` from `ppre_categories` order by `parentid` asc, `sort` asc) api:/api/v3/forum  
[2022-10-23T19:43:13.361893+08:00] log.INFO: result error:-5002 api:/api/v3/forum msg:SQLSTATE[42S22]: Column not found: 1054 Unknown column 'parentid' in 'field list' (SQL: select `id` as `pid`, `id` as `categoryId`, `name`, `description`, `icon`, `sort`, `property`, `thread_count` as `threadCount`, `parentid` from `ppre_categories` order by `parentid` asc, `sort` asc)  
[2022-10-23T19:43:14.700571+08:00] log.INFO: result error:-5002 api:/api/v3/forum msg:Key path "file://F:\dq\storage\cert/public.key" does not exist or is not readable  
[2022-10-23T19:43:14.736689+08:00] log.INFO: result error:-5002 api:/api/v3/emoji msg:Key path "file://F:\dq\storage\cert/public.key" does not exist or is not readable  
[2022-10-23T19:43:14.983027+08:00] log.INFO: result error:-5002 api:/api/v3/forum msg:Key path "file://F:\dq\storage\cert/public.key" does not exist or is not readable  
[2022-10-23T19:43:15.005274+08:00] log.INFO: result error:-5002 api:/api/v3/plugin/list msg:Key path "file://F:\dq\storage\cert/public.key" does not exist or is not readable  
[2022-10-23T19:43:39.456298+08:00] log.INFO: result error:-5002 api:/api/v3/forum msg:Key path "file://F:\dq\storage\cert/public.key" does not exist or is not readable  
[2022-10-23T19:43:39.485774+08:00] log.INFO: result error:-5002 api:/api/v3/emoji msg:Key path "file://F:\dq\storage\cert/public.key" does not exist or is not readable  
[2022-10-23T19:43:39.739114+08:00] log.INFO: result error:-5002 api:/api/v3/plugin/list msg:Key path "file://F:\dq\storage\cert/public.key" does not exist or is not readable  
[2022-10-23T19:43:39.745703+08:00] log.INFO: result error:-5002 api:/api/v3/forum msg:Key path "file://F:\dq\storage\cert/public.key" does not exist or is not readable  
[2022-10-23T19:49:56.688271+08:00] log.INFO: database-error:SQLSTATE[42S22]: Column not found: 1054 Unknown column 'parentid' in 'field list' (SQL: select `id` as `pid`, `id` as `categoryId`, `name`, `description`, `icon`, `sort`, `property`, `thread_count` as `threadCount`, `parentid` from `ppre_categories` order by `parentid` asc, `sort` asc) api:/api/v3/forum  
[2022-10-23T19:49:56.688596+08:00] log.INFO: result error:-5002 api:/api/v3/forum msg:SQLSTATE[42S22]: Column not found: 1054 Unknown column 'parentid' in 'field list' (SQL: select `id` as `pid`, `id` as `categoryId`, `name`, `description`, `icon`, `sort`, `property`, `thread_count` as `threadCount`, `parentid` from `ppre_categories` order by `parentid` asc, `sort` asc)  
[2022-10-23T19:51:41.601716+08:00] log.INFO: database-error:SQLSTATE[42S22]: Column not found: 1054 Unknown column 'parentid' in 'field list' (SQL: select `id` as `pid`, `id` as `categoryId`, `name`, `description`, `icon`, `sort`, `property`, `thread_count` as `threadCount`, `parentid` from `ppre_categories` order by `parentid` asc, `sort` asc) api:/api/v3/forum  
[2022-10-23T19:51:41.602038+08:00] log.INFO: result error:-5002 api:/api/v3/forum msg:SQLSTATE[42S22]: Column not found: 1054 Unknown column 'parentid' in 'field list' (SQL: select `id` as `pid`, `id` as `categoryId`, `name`, `description`, `icon`, `sort`, `property`, `thread_count` as `threadCount`, `parentid` from `ppre_categories` order by `parentid` asc, `sort` asc)  
[2022-10-23T20:12:48.879281+08:00] log.INFO: result error:-10001 api:/apiv3/thread.list msg:当前站点未安装  
[2022-10-23T20:13:34.807329+08:00] log.INFO: result error:-10001 api:/api/v3/emoji msg:当前站点未安装  
[2022-10-23T20:13:34.828981+08:00] log.INFO: result error:-10001 api:/api/v3/forum msg:当前站点未安装  
[2022-10-23T20:13:34.953761+08:00] log.INFO: result error:-10001 api:/api/v3/plugin/list msg:当前站点未安装  
[2022-10-23T20:13:35.008126+08:00] log.INFO: result error:-10001 api:/api/v3/forum msg:当前站点未安装  
[2022-10-23T20:13:35.116835+08:00] log.INFO: result error:-10001 api:/api/v3/forum msg:当前站点未安装  
[2022-10-23T20:16:35.569823+08:00] log.INFO: result error:-7040 api:/api/backAdmin/login msg:登录错误次数超出限制  
[2022-10-23T20:16:40.391838+08:00] log.INFO: result error:-7040 api:/api/backAdmin/login msg:登录错误次数超出限制  
